[21:52:37] [modloading-worker-0/INFO] ========================================
[21:52:37] [modloading-worker-0/INFO] Minecraft: 1.20.1
[21:52:37] [modloading-worker-0/INFO] Side: server
[21:52:37] [modloading-worker-0/INFO] Development: false
[21:52:37] [modloading-worker-0/INFO] Version: 12.1.785
[21:52:37] [modloading-worker-0/INFO] Loader:
[21:52:37] [modloading-worker-0/INFO] - Forge: 47.3.7
[21:52:37] [modloading-worker-0/INFO] Dependencies:
[21:52:37] [modloading-worker-0/INFO] - Cloth Config: 11.1.136
[21:52:37] [modloading-worker-0/INFO] - Architectury: 9.2.14
[21:52:37] [modloading-worker-0/INFO] Mixin: 0.8.5
[21:52:37] [modloading-worker-0/INFO] OS: Linux 6.5.0-1025-azure (amd64)
[21:52:37] [modloading-worker-0/INFO] Java: 21.0.5 (Microsoft)
[21:52:37] [modloading-worker-0/INFO] ========================================
[21:52:37] [modloading-worker-0/INFO] Mods:
[21:52:37] [modloading-worker-0/INFO] - abandoned_urban: 1.0.0
[21:52:37] [modloading-worker-0/INFO] - appleskin: 2.5.1+mc1.20.1
[21:52:37] [modloading-worker-0/INFO] - architectury: 9.2.14
[21:52:37] [modloading-worker-0/INFO] - atlaslib: 1.1.12
[21:52:37] [modloading-worker-0/INFO] - balm: 7.3.10
[21:52:37] [modloading-worker-0/INFO] - cloth_config: 11.1.136
[21:52:37] [modloading-worker-0/INFO] - clumps: 12.0.0.4
[21:52:37] [modloading-worker-0/INFO] - corgilib: 4.0.3.3
[21:52:37] [modloading-worker-0/INFO] - create: 0.5.1.j
[21:52:37] [modloading-worker-0/INFO] - createaddition: 1.20.1-1.2.4e
[21:52:37] [modloading-worker-0/INFO] - createdeco: 2.0.2-1.20.1-forge
[21:52:37] [modloading-worker-0/INFO] - dynamiclights: 1.8.5+mod
[21:52:37] [modloading-worker-0/INFO] - embeddium: 0.3.31+mc1.20.1
[21:52:37] [modloading-worker-0/INFO] - enhancedcelestials: 1.20.1-5.0.2.2
[21:52:37] [modloading-worker-0/INFO] - ferritecore: 6.0.1
[21:52:37] [modloading-worker-0/INFO] - flywheel: 0.6.11-13
[21:52:37] [modloading-worker-0/INFO] - forge: 47.3.7
[21:52:37] [modloading-worker-0/INFO] - framework: 0.7.12
[21:52:37] [modloading-worker-0/INFO] - geckolib: 4.4.9
[21:52:37] [modloading-worker-0/INFO] - healingbed: 1.20.1
[21:52:37] [modloading-worker-0/INFO] - hordes: 1.5.4
[21:52:37] [modloading-worker-0/INFO] - incontrol: 1.20-9.2.11
[21:52:37] [modloading-worker-0/INFO] - jade: 11.11.1+forge
[21:52:37] [modloading-worker-0/INFO] - jeg: 0.9.0
[21:52:37] [modloading-worker-0/INFO] - jei: 15.9999
[21:52:37] [modloading-worker-0/INFO] - kuma_api: 20.1.9-SNAPSHOT
[21:52:37] [modloading-worker-0/INFO] - lootr: 0.7.35.90
[21:52:37] [modloading-worker-0/INFO] - lostcities: 1.20-7.3.5
[21:52:37] [modloading-worker-0/INFO] - marbledsapi: 1.0.7
[21:52:37] [modloading-worker-0/INFO] - marbledsarsenal: 1.20.1-2.3.0
[21:52:37] [modloading-worker-0/INFO] - marbledsmelees: 1.20.1-1.0.0
[21:52:37] [modloading-worker-0/INFO] - mcore: 1.20.1-1.0.2
[21:52:37] [modloading-worker-0/INFO] - minecraft: 1.20.1
[21:52:37] [modloading-worker-0/INFO] - mixinextras: 0.3.5
[21:52:37] [modloading-worker-0/INFO] - modernfix: 5.19.7+mc1.20.1
[21:52:37] [modloading-worker-0/INFO] - moderntrainparts: 0.1.7-forge-mc1.20.1-cr0.5.1.f
[21:52:37] [modloading-worker-0/INFO] - railways: 1.6.7+forge-mc1.20.1
[21:52:37] [modloading-worker-0/INFO] - rei_plugin_compatibilities: 12.0.93
[21:52:37] [modloading-worker-0/INFO] - roughlyenoughitems: 12.1.785
[21:52:37] [modloading-worker-0/INFO] - rubidium: 0.7.1
[21:52:37] [modloading-worker-0/INFO] - rustic_engineer: 1.0.0
[21:52:37] [modloading-worker-0/INFO] - simpledrills: 1.6.1
[21:52:37] [modloading-worker-0/INFO] - tacz: 1.0.3
[21:52:37] [modloading-worker-0/INFO] - waystones: 14.1.6
[21:52:37] [modloading-worker-0/INFO] - wegotrunnners: 1.0.0
[21:52:37] [modloading-worker-0/INFO] - wi_zoom: 1.5-MC1.20.1-Forge
[21:52:37] [modloading-worker-0/INFO] - xaerominimap: 24.6.1
[21:52:37] [modloading-worker-0/INFO] - xaeroworldmap: 1.39.2
[21:52:37] [modloading-worker-0/INFO] ========================================
[21:52:37] [modloading-worker-0/INFO] [REI] Registered plugin provider DefaultPluginImpl [roughlyenoughitems] for REIServerPlugin
[21:52:37] [modloading-worker-0/INFO] [REI] Registered plugin provider DefaultPluginImpl [roughlyenoughitems] for REIPlugin
[21:52:37] [modloading-worker-0/INFO] [REI] Registered plugin provider DefaultRuntimePlugin [roughlyenoughitems] for REIServerPlugin
[21:52:37] [modloading-worker-0/INFO] [REI] Registered plugin provider DefaultRuntimePlugin [roughlyenoughitems] for REIPlugin
[21:52:53] [Worker-Main-2/DEBUG] [REI] Processed 0 tags in 30.83 μs for enhancedcelestials:lunar/event
[21:52:53] [Worker-Main-2/DEBUG] [REI] Processed 0 tags in 41.45 μs for minecraft:worldgen/biome
[21:52:53] [Worker-Main-2/DEBUG] [REI] Processed 5 tags in 1.343 ms for minecraft:game_event
[21:52:53] [Worker-Main-2/DEBUG] [REI] Processed 1 tags in 9.275 μs for minecraft:recipe_serializer
[21:52:53] [Worker-Main-2/DEBUG] [REI] Processed 5 tags in 295.1 μs for minecraft:point_of_interest_type
[21:52:53] [Worker-Main-2/DEBUG] [REI] Processed 34 tags in 752.7 μs for minecraft:entity_type
[21:52:53] [Worker-Main-2/DEBUG] [REI] Processed 355 tags in 3.186 ms for minecraft:block
[21:52:53] [Worker-Main-2/DEBUG] [REI] Processed 1 tags in 64.23 μs for minecraft:painting_variant
[21:52:53] [Worker-Main-2/DEBUG] [REI] Processed 0 tags in 7.074 μs for minecraft:worldgen/flat_level_generator_preset
[21:52:53] [Worker-Main-2/DEBUG] [REI] Processed 7 tags in 61.45 μs for minecraft:banner_pattern
[21:52:53] [Worker-Main-2/DEBUG] [REI] Processed 0 tags in 7.239 μs for minecraft:worldgen/world_preset
[21:52:54] [Worker-Main-2/DEBUG] [REI] Processed 528 tags in 2.939 ms for minecraft:item
[21:52:54] [Worker-Main-2/DEBUG] [REI] Processed 12 tags in 32.78 μs for minecraft:fluid
[21:52:54] [Worker-Main-2/DEBUG] [REI] Processed 2 tags in 23.54 μs for minecraft:cat_variant
[21:52:54] [Worker-Main-2/DEBUG] [REI] Processed 0 tags in 23.93 μs for minecraft:worldgen/structure
[21:52:54] [Worker-Main-2/DEBUG] [REI] Processed 3 tags in 22.04 μs for minecraft:instrument
[21:52:54] [Worker-Main-2/DEBUG] [REI] Processed 0 tags in 50.12 μs for minecraft:damage_type
[21:52:56] [main/DEBUG] [REI] Starting Reload Plugins of stage null
java.lang.Throwable
	at TRANSFORMER/roughlyenoughitems@12.1.785/me.shedaniel.rei.impl.common.plugins.ReloadManagerImpl.reloadPlugins(ReloadManagerImpl.java:110)
	at TRANSFORMER/roughlyenoughitems@12.1.785/me.shedaniel.rei.RoughlyEnoughItemsCore.lambda$onInitialize$5(RoughlyEnoughItemsCore.java:163)
	at java.base/java.util.concurrent.CompletableFuture$UniRun.tryFire(CompletableFuture.java:787)
	at java.base/java.util.concurrent.CompletableFuture$Completion.run(CompletableFuture.java:482)
	at TRANSFORMER/minecraft@1.20.1/net.minecraft.server.packs.resources.SimpleReloadInstance.m_143940_(SimpleReloadInstance.java:69)
	at TRANSFORMER/minecraft@1.20.1/net.minecraft.Util.m_214652_(Util.java:783)
	at TRANSFORMER/minecraft@1.20.1/net.minecraft.Util.m_214679_(Util.java:772)
	at TRANSFORMER/minecraft@1.20.1/net.minecraft.server.Main.main(Main.java:166)
	at java.base/jdk.internal.reflect.DirectMethodHandleAccessor.invoke(DirectMethodHandleAccessor.java:103)
	at java.base/java.lang.reflect.Method.invoke(Method.java:580)
	at MC-BOOTSTRAP/fmlloader@1.20.1-47.3.7/net.minecraftforge.fml.loading.targets.CommonLaunchHandler.runTarget(CommonLaunchHandler.java:111)
	at MC-BOOTSTRAP/fmlloader@1.20.1-47.3.7/net.minecraftforge.fml.loading.targets.CommonLaunchHandler.serverService(CommonLaunchHandler.java:103)
	at MC-BOOTSTRAP/fmlloader@1.20.1-47.3.7/net.minecraftforge.fml.loading.targets.CommonServerLaunchHandler.lambda$makeService$0(CommonServerLaunchHandler.java:27)
	at MC-BOOTSTRAP/cpw.mods.modlauncher@10.0.9/cpw.mods.modlauncher.LaunchServiceHandlerDecorator.launch(LaunchServiceHandlerDecorator.java:30)
	at MC-BOOTSTRAP/cpw.mods.modlauncher@10.0.9/cpw.mods.modlauncher.LaunchServiceHandler.launch(LaunchServiceHandler.java:53)
	at MC-BOOTSTRAP/cpw.mods.modlauncher@10.0.9/cpw.mods.modlauncher.LaunchServiceHandler.launch(LaunchServiceHandler.java:71)
	at MC-BOOTSTRAP/cpw.mods.modlauncher@10.0.9/cpw.mods.modlauncher.Launcher.run(Launcher.java:108)
	at MC-BOOTSTRAP/cpw.mods.modlauncher@10.0.9/cpw.mods.modlauncher.Launcher.main(Launcher.java:78)
	at MC-BOOTSTRAP/cpw.mods.modlauncher@10.0.9/cpw.mods.modlauncher.BootstrapLaunchConsumer.accept(BootstrapLaunchConsumer.java:26)
	at MC-BOOTSTRAP/cpw.mods.modlauncher@10.0.9/cpw.mods.modlauncher.BootstrapLaunchConsumer.accept(BootstrapLaunchConsumer.java:23)
	at cpw.mods.bootstraplauncher@1.1.2/cpw.mods.bootstraplauncher.BootstrapLauncher.main(BootstrapLauncher.java:141)
[21:52:56] [main/DEBUG] [REI] ========================================
[21:52:56] [main/DEBUG] [REI] REIPlugin starting pre-reload for START.
[21:52:56] [main/DEBUG] [REI] Reloadables (7):
[21:52:56] [main/DEBUG] [REI]  - EntryTypeRegistryImpl
[21:52:56] [main/DEBUG] [REI]  - EntrySettingsAdapterRegistryImpl
[21:52:56] [main/DEBUG] [REI]  - RecipeManagerContextImpl
[21:52:56] [main/DEBUG] [REI]  - ItemComparatorRegistryImpl
[21:52:56] [main/DEBUG] [REI]  - FluidComparatorRegistryImpl
[21:52:56] [main/DEBUG] [REI]  - DisplaySerializerRegistryImpl
[21:52:56] [main/DEBUG] [REI]  - FluidSupportProviderImpl
[21:52:56] [main/DEBUG] [REI] Plugins (2):
[21:52:56] [main/DEBUG] [REI]  - (-100.00) DefaultPluginImpl of DefaultPluginImpl [roughlyenoughitems]
[21:52:56] [main/DEBUG] [REI]  - (0.00) DefaultRuntimePlugin of DefaultRuntimePlugin [roughlyenoughitems]
[21:52:56] [main/DEBUG] [REI] ========================================
[21:52:56] [main/TRACE] [REI] [REIPlugin START] Reloading Section: "pre-register/"
[21:52:56] [main/TRACE] [REI] [REIPlugin START] Reloading Section: "pre-register/DefaultPluginImpl of DefaultPluginImpl [roughlyenoughitems]/"
[21:52:56] [main/TRACE] [REI] [REIPlugin START] Reloading Section: "pre-register/DefaultPluginImpl of DefaultPluginImpl [roughlyenoughitems]/" done in 997.5 μs
[21:52:56] [main/TRACE] [REI] [REIPlugin START] Reloading Section: "pre-register/DefaultRuntimePlugin of DefaultRuntimePlugin [roughlyenoughitems]/"
[21:52:56] [main/TRACE] [REI] [REIPlugin START] Reloading Section: "pre-register/DefaultRuntimePlugin of DefaultRuntimePlugin [roughlyenoughitems]/" done in 175.7 μs
[21:52:56] [main/TRACE] [REI] [REIPlugin START] Reloading Section: "pre-register/" done in 10.78 ms
[21:52:56] [main/TRACE] [REI] [REIPlugin START] Reloading Section: "pre-stage/"
[21:52:56] [main/TRACE] [REI] [REIPlugin START] Reloading Section: "pre-stage/EntryTypeRegistryImpl/"
[21:52:56] [main/TRACE] [REI] [REIPlugin START] Reloading Section: "pre-stage/EntryTypeRegistryImpl/" done in 367.8 μs
[21:52:56] [main/TRACE] [REI] [REIPlugin START] Reloading Section: "pre-stage/EntrySettingsAdapterRegistryImpl/"
[21:52:56] [main/TRACE] [REI] [REIPlugin START] Reloading Section: "pre-stage/EntrySettingsAdapterRegistryImpl/" done in 153.3 μs
[21:52:56] [main/TRACE] [REI] [REIPlugin START] Reloading Section: "pre-stage/RecipeManagerContextImpl/"
[21:52:56] [main/TRACE] [REI] [REIPlugin START] Reloading Section: "pre-stage/RecipeManagerContextImpl/" done in 145.1 μs
[21:52:56] [main/TRACE] [REI] [REIPlugin START] Reloading Section: "pre-stage/ItemComparatorRegistryImpl/"
[21:52:56] [main/TRACE] [REI] [REIPlugin START] Reloading Section: "pre-stage/ItemComparatorRegistryImpl/" done in 142.0 μs
[21:52:56] [main/TRACE] [REI] [REIPlugin START] Reloading Section: "pre-stage/FluidComparatorRegistryImpl/"
[21:52:56] [main/TRACE] [REI] [REIPlugin START] Reloading Section: "pre-stage/FluidComparatorRegistryImpl/" done in 147.0 μs
[21:52:56] [main/TRACE] [REI] [REIPlugin START] Reloading Section: "pre-stage/DisplaySerializerRegistryImpl/"
[21:52:56] [main/TRACE] [REI] [REIPlugin START] Reloading Section: "pre-stage/DisplaySerializerRegistryImpl/" done in 157.1 μs
[21:52:56] [main/TRACE] [REI] [REIPlugin START] Reloading Section: "pre-stage/FluidSupportProviderImpl/"
[21:52:56] [main/TRACE] [REI] [REIPlugin START] Reloading Section: "pre-stage/FluidSupportProviderImpl/" done in 145.4 μs
[21:52:56] [main/TRACE] [REI] [REIPlugin START] Reloading Section: "pre-stage/" done in 3.228 ms
[21:52:56] [main/DEBUG] [REI] ========================================
[21:52:56] [main/DEBUG] [REI] REIPlugin finished pre-reload for START in 14.86 ms.
[21:52:56] [main/DEBUG] [REI] ========================================
[21:52:56] [main/DEBUG] [REI] ========================================
[21:52:56] [main/DEBUG] [REI] REIServerPlugin starting pre-reload for START.
[21:52:56] [main/DEBUG] [REI] Reloadables (2):
[21:52:56] [main/DEBUG] [REI]  - MenuInfoRegistryImpl
[21:52:56] [main/DEBUG] [REI]  - SlotAccessorRegistryImpl
[21:52:56] [main/DEBUG] [REI] Plugins (2):
[21:52:56] [main/DEBUG] [REI]  - (-100.00) DefaultPluginImpl of DefaultPluginImpl [roughlyenoughitems]
[21:52:56] [main/DEBUG] [REI]  - (0.00) DefaultRuntimePlugin of DefaultRuntimePlugin [roughlyenoughitems]
[21:52:56] [main/DEBUG] [REI] ========================================
[21:52:56] [main/TRACE] [REI] [REIServerPlugin START] Reloading Section: "pre-register/"
[21:52:56] [main/TRACE] [REI] [REIServerPlugin START] Reloading Section: "pre-register/DefaultPluginImpl of DefaultPluginImpl [roughlyenoughitems]/"
[21:52:56] [main/TRACE] [REI] [REIServerPlugin START] Reloading Section: "pre-register/DefaultPluginImpl of DefaultPluginImpl [roughlyenoughitems]/" done in 162.1 μs
[21:52:56] [main/TRACE] [REI] [REIServerPlugin START] Reloading Section: "pre-register/DefaultRuntimePlugin of DefaultRuntimePlugin [roughlyenoughitems]/"
[21:52:56] [main/TRACE] [REI] [REIServerPlugin START] Reloading Section: "pre-register/DefaultRuntimePlugin of DefaultRuntimePlugin [roughlyenoughitems]/" done in 149.7 μs
[21:52:56] [main/TRACE] [REI] [REIServerPlugin START] Reloading Section: "pre-register/" done in 925.7 μs
[21:52:56] [main/TRACE] [REI] [REIServerPlugin START] Reloading Section: "pre-stage/"
[21:52:56] [main/TRACE] [REI] [REIServerPlugin START] Reloading Section: "pre-stage/MenuInfoRegistryImpl/"
[21:52:56] [main/TRACE] [REI] [REIServerPlugin START] Reloading Section: "pre-stage/MenuInfoRegistryImpl/" done in 147.2 μs
[21:52:56] [main/TRACE] [REI] [REIServerPlugin START] Reloading Section: "pre-stage/SlotAccessorRegistryImpl/"
[21:52:56] [main/TRACE] [REI] [REIServerPlugin START] Reloading Section: "pre-stage/SlotAccessorRegistryImpl/" done in 147.4 μs
[21:52:56] [main/TRACE] [REI] [REIServerPlugin START] Reloading Section: "pre-stage/" done in 805.2 μs
[21:52:56] [main/DEBUG] [REI] ========================================
[21:52:56] [main/DEBUG] [REI] REIServerPlugin finished pre-reload for START in 2.088 ms.
[21:52:56] [main/DEBUG] [REI] ========================================
[21:52:56] [main/INFO] [REI] ----------------------------------------
[21:52:56] [main/INFO] [REI] REIPlugin starting main-reload for START.
[21:52:56] [main/DEBUG] [REI] Reloadables (7):
[21:52:56] [main/DEBUG] [REI]  - EntryTypeRegistryImpl
[21:52:56] [main/DEBUG] [REI]  - EntrySettingsAdapterRegistryImpl
[21:52:56] [main/DEBUG] [REI]  - RecipeManagerContextImpl
[21:52:56] [main/DEBUG] [REI]  - ItemComparatorRegistryImpl
[21:52:56] [main/DEBUG] [REI]  - FluidComparatorRegistryImpl
[21:52:56] [main/DEBUG] [REI]  - DisplaySerializerRegistryImpl
[21:52:56] [main/DEBUG] [REI]  - FluidSupportProviderImpl
[21:52:56] [main/INFO] [REI] Plugins (2):
[21:52:56] [main/INFO] [REI]  - (-100.00) DefaultPluginImpl of DefaultPluginImpl [roughlyenoughitems]
[21:52:56] [main/INFO] [REI]  - (0.00) DefaultRuntimePlugin of DefaultRuntimePlugin [roughlyenoughitems]
[21:52:56] [main/INFO] [REI] ----------------------------------------
[21:52:56] [main/TRACE] [REI] [REIPlugin START] Reloading Section: "start-reload/"
[21:52:56] [main/TRACE] [REI] [REIPlugin START] Reloading Section: "start-reload/EntryTypeRegistryImpl/"
[21:52:56] [main/TRACE] [REI] [REIPlugin START] Reloading Section: "start-reload/EntryTypeRegistryImpl/" done in 206.3 μs
[21:52:56] [main/TRACE] [REI] [REIPlugin START] Reloading Section: "start-reload/EntrySettingsAdapterRegistryImpl/"
[21:52:56] [main/TRACE] [REI] [REIPlugin START] Reloading Section: "start-reload/EntrySettingsAdapterRegistryImpl/" done in 156.0 μs
[21:52:56] [main/TRACE] [REI] [REIPlugin START] Reloading Section: "start-reload/RecipeManagerContextImpl/"
[21:52:56] [main/TRACE] [REI] [REIPlugin START] Reloading Section: "start-reload/RecipeManagerContextImpl/" done in 877.8 μs
[21:52:56] [main/TRACE] [REI] [REIPlugin START] Reloading Section: "start-reload/ItemComparatorRegistryImpl/"
[21:52:56] [main/TRACE] [REI] [REIPlugin START] Reloading Section: "start-reload/ItemComparatorRegistryImpl/" done in 176.1 μs
[21:52:56] [main/TRACE] [REI] [REIPlugin START] Reloading Section: "start-reload/FluidComparatorRegistryImpl/"
[21:52:56] [main/TRACE] [REI] [REIPlugin START] Reloading Section: "start-reload/FluidComparatorRegistryImpl/" done in 174.5 μs
[21:52:56] [main/TRACE] [REI] [REIPlugin START] Reloading Section: "start-reload/DisplaySerializerRegistryImpl/"
[21:52:56] [main/TRACE] [REI] [REIPlugin START] Reloading Section: "start-reload/DisplaySerializerRegistryImpl/" done in 147.0 μs
[21:52:56] [main/TRACE] [REI] [REIPlugin START] Reloading Section: "start-reload/FluidSupportProviderImpl/"
[21:52:56] [main/TRACE] [REI] [REIPlugin START] Reloading Section: "start-reload/FluidSupportProviderImpl/" done in 751.0 μs
[21:52:56] [main/TRACE] [REI] [REIPlugin START] Reloading Section: "start-reload/" done in 4.797 ms
[21:52:56] [main/DEBUG] [REI] ========================================
[21:52:56] [main/DEBUG] [REI] REIPlugin started main-reload for START.
[21:52:56] [main/DEBUG] [REI] ========================================
[21:52:56] [main/TRACE] [REI] [REIPlugin START] Reloading Section: "reloadable-plugin/EntryTypeRegistryImpl/"
[21:52:56] [main/TRACE] [REI] [REIPlugin START] Reloading Section: "reloadable-plugin/EntryTypeRegistryImpl/DefaultPluginImpl of DefaultPluginImpl [roughlyenoughitems]/"
[21:52:56] [main/TRACE] [REI] [REIPlugin START] Reloading Section: "reloadable-plugin/EntryTypeRegistryImpl/DefaultPluginImpl of DefaultPluginImpl [roughlyenoughitems]/" done in 454.0 μs
[21:52:56] [main/TRACE] [REI] [REIPlugin START] Reloading Section: "reloadable-plugin/EntryTypeRegistryImpl/DefaultRuntimePlugin of DefaultRuntimePlugin [roughlyenoughitems]/"
[21:52:56] [main/TRACE] [REI] [REIPlugin START] Reloading Section: "reloadable-plugin/EntryTypeRegistryImpl/DefaultRuntimePlugin of DefaultRuntimePlugin [roughlyenoughitems]/" done in 9.298 ms
[21:52:56] [main/TRACE] [REI] [REIPlugin START] Reloading Section: "reloadable-plugin/EntryTypeRegistryImpl/" done in 11.36 ms
[21:52:56] [main/TRACE] [REI] [REIPlugin START] Reloading Section: "reloadable-plugin/EntrySettingsAdapterRegistryImpl/"
[21:52:56] [main/TRACE] [REI] [REIPlugin START] Reloading Section: "reloadable-plugin/EntrySettingsAdapterRegistryImpl/DefaultPluginImpl of DefaultPluginImpl [roughlyenoughitems]/"
[21:52:56] [main/TRACE] [REI] [REIPlugin START] Reloading Section: "reloadable-plugin/EntrySettingsAdapterRegistryImpl/DefaultPluginImpl of DefaultPluginImpl [roughlyenoughitems]/" done in 192.9 μs
[21:52:56] [main/TRACE] [REI] [REIPlugin START] Reloading Section: "reloadable-plugin/EntrySettingsAdapterRegistryImpl/DefaultRuntimePlugin of DefaultRuntimePlugin [roughlyenoughitems]/"
[21:52:56] [main/TRACE] [REI] [REIPlugin START] Reloading Section: "reloadable-plugin/EntrySettingsAdapterRegistryImpl/DefaultRuntimePlugin of DefaultRuntimePlugin [roughlyenoughitems]/" done in 179.2 μs
[21:52:56] [main/TRACE] [REI] [REIPlugin START] Reloading Section: "reloadable-plugin/EntrySettingsAdapterRegistryImpl/" done in 2.592 ms
[21:52:56] [main/TRACE] [REI] [REIPlugin START] Reloading Section: "reloadable-plugin/RecipeManagerContextImpl/"
[21:52:56] [main/TRACE] [REI] [REIPlugin START] Reloading Section: "reloadable-plugin/RecipeManagerContextImpl/DefaultPluginImpl of DefaultPluginImpl [roughlyenoughitems]/"
[21:52:56] [main/TRACE] [REI] [REIPlugin START] Reloading Section: "reloadable-plugin/RecipeManagerContextImpl/DefaultPluginImpl of DefaultPluginImpl [roughlyenoughitems]/" done in 156.3 μs
[21:52:56] [main/TRACE] [REI] [REIPlugin START] Reloading Section: "reloadable-plugin/RecipeManagerContextImpl/DefaultRuntimePlugin of DefaultRuntimePlugin [roughlyenoughitems]/"
[21:52:56] [main/TRACE] [REI] [REIPlugin START] Reloading Section: "reloadable-plugin/RecipeManagerContextImpl/DefaultRuntimePlugin of DefaultRuntimePlugin [roughlyenoughitems]/" done in 158.0 μs
[21:52:56] [main/TRACE] [REI] [REIPlugin START] Reloading Section: "reloadable-plugin/RecipeManagerContextImpl/" done in 869.4 μs
[21:52:56] [main/TRACE] [REI] [REIPlugin START] Reloading Section: "reloadable-plugin/ItemComparatorRegistryImpl/"
[21:52:56] [main/TRACE] [REI] [REIPlugin START] Reloading Section: "reloadable-plugin/ItemComparatorRegistryImpl/DefaultPluginImpl of DefaultPluginImpl [roughlyenoughitems]/"
[21:52:56] [main/TRACE] [REI] [REIPlugin START] Reloading Section: "reloadable-plugin/ItemComparatorRegistryImpl/DefaultPluginImpl of DefaultPluginImpl [roughlyenoughitems]/" done in 1.370 ms
[21:52:56] [main/TRACE] [REI] [REIPlugin START] Reloading Section: "reloadable-plugin/ItemComparatorRegistryImpl/DefaultRuntimePlugin of DefaultRuntimePlugin [roughlyenoughitems]/"
[21:52:56] [main/TRACE] [REI] [REIPlugin START] Reloading Section: "reloadable-plugin/ItemComparatorRegistryImpl/DefaultRuntimePlugin of DefaultRuntimePlugin [roughlyenoughitems]/" done in 191.3 μs
[21:52:56] [main/TRACE] [REI] [REIPlugin START] Reloading Section: "reloadable-plugin/ItemComparatorRegistryImpl/" done in 2.658 ms
[21:52:56] [main/TRACE] [REI] [REIPlugin START] Reloading Section: "reloadable-plugin/FluidComparatorRegistryImpl/"
[21:52:56] [main/TRACE] [REI] [REIPlugin START] Reloading Section: "reloadable-plugin/FluidComparatorRegistryImpl/DefaultPluginImpl of DefaultPluginImpl [roughlyenoughitems]/"
[21:52:56] [main/TRACE] [REI] [REIPlugin START] Reloading Section: "reloadable-plugin/FluidComparatorRegistryImpl/DefaultPluginImpl of DefaultPluginImpl [roughlyenoughitems]/" done in 161.4 μs
[21:52:56] [main/TRACE] [REI] [REIPlugin START] Reloading Section: "reloadable-plugin/FluidComparatorRegistryImpl/DefaultRuntimePlugin of DefaultRuntimePlugin [roughlyenoughitems]/"
[21:52:56] [main/TRACE] [REI] [REIPlugin START] Reloading Section: "reloadable-plugin/FluidComparatorRegistryImpl/DefaultRuntimePlugin of DefaultRuntimePlugin [roughlyenoughitems]/" done in 142.4 μs
[21:52:56] [main/TRACE] [REI] [REIPlugin START] Reloading Section: "reloadable-plugin/FluidComparatorRegistryImpl/" done in 837.9 μs
[21:52:56] [main/TRACE] [REI] [REIPlugin START] Reloading Section: "reloadable-plugin/DisplaySerializerRegistryImpl/"
[21:52:56] [main/TRACE] [REI] [REIPlugin START] Reloading Section: "reloadable-plugin/DisplaySerializerRegistryImpl/DefaultPluginImpl of DefaultPluginImpl [roughlyenoughitems]/"
[21:52:56] [main/TRACE] [REI] [REIPlugin START] Reloading Section: "reloadable-plugin/DisplaySerializerRegistryImpl/DefaultPluginImpl of DefaultPluginImpl [roughlyenoughitems]/" done in 164.2 μs
[21:52:56] [main/TRACE] [REI] [REIPlugin START] Reloading Section: "reloadable-plugin/DisplaySerializerRegistryImpl/DefaultRuntimePlugin of DefaultRuntimePlugin [roughlyenoughitems]/"
[21:52:56] [main/TRACE] [REI] [REIPlugin START] Reloading Section: "reloadable-plugin/DisplaySerializerRegistryImpl/DefaultRuntimePlugin of DefaultRuntimePlugin [roughlyenoughitems]/" done in 146.4 μs
[21:52:56] [main/TRACE] [REI] [REIPlugin START] Reloading Section: "reloadable-plugin/DisplaySerializerRegistryImpl/" done in 834.5 μs
[21:52:56] [main/TRACE] [REI] [REIPlugin START] Reloading Section: "reloadable-plugin/FluidSupportProviderImpl/"
[21:52:56] [main/TRACE] [REI] [REIPlugin START] Reloading Section: "reloadable-plugin/FluidSupportProviderImpl/DefaultPluginImpl of DefaultPluginImpl [roughlyenoughitems]/"
[21:52:56] [main/TRACE] [REI] [REIPlugin START] Reloading Section: "reloadable-plugin/FluidSupportProviderImpl/DefaultPluginImpl of DefaultPluginImpl [roughlyenoughitems]/" done in 743.5 μs
[21:52:56] [main/TRACE] [REI] [REIPlugin START] Reloading Section: "reloadable-plugin/FluidSupportProviderImpl/DefaultRuntimePlugin of DefaultRuntimePlugin [roughlyenoughitems]/"
[21:52:56] [main/TRACE] [REI] [REIPlugin START] Reloading Section: "reloadable-plugin/FluidSupportProviderImpl/DefaultRuntimePlugin of DefaultRuntimePlugin [roughlyenoughitems]/" done in 164.1 μs
[21:52:56] [main/TRACE] [REI] [REIPlugin START] Reloading Section: "reloadable-plugin/FluidSupportProviderImpl/" done in 1.835 ms
[21:52:56] [main/DEBUG] [REI] ========================================
[21:52:56] [main/DEBUG] [REI] REIPlugin ending main-reload for START.
[21:52:56] [main/DEBUG] [REI] ========================================
[21:52:56] [main/TRACE] [REI] [REIPlugin START] Reloading Section: "end-reload/"
[21:52:56] [main/TRACE] [REI] [REIPlugin START] Reloading Section: "end-reload/EntryTypeRegistryImpl/"
[21:52:56] [main/TRACE] [REI] [REIPlugin START] Reloading Section: "end-reload/EntryTypeRegistryImpl/" done in 165.3 μs
[21:52:56] [main/TRACE] [REI] [REIPlugin START] Reloading Section: "end-reload/EntrySettingsAdapterRegistryImpl/"
[21:52:56] [main/TRACE] [REI] [REIPlugin START] Reloading Section: "end-reload/EntrySettingsAdapterRegistryImpl/" done in 144.8 μs
[21:52:56] [main/TRACE] [REI] [REIPlugin START] Reloading Section: "end-reload/RecipeManagerContextImpl/"
[21:52:56] [main/TRACE] [REI] [REIPlugin START] Reloading Section: "end-reload/RecipeManagerContextImpl/" done in 140.2 μs
[21:52:56] [main/TRACE] [REI] [REIPlugin START] Reloading Section: "end-reload/ItemComparatorRegistryImpl/"
[21:52:56] [main/TRACE] [REI] [REIPlugin START] Reloading Section: "end-reload/ItemComparatorRegistryImpl/" done in 147.1 μs
[21:52:56] [main/TRACE] [REI] [REIPlugin START] Reloading Section: "end-reload/FluidComparatorRegistryImpl/"
[21:52:56] [main/TRACE] [REI] [REIPlugin START] Reloading Section: "end-reload/FluidComparatorRegistryImpl/" done in 422.1 μs
[21:52:56] [main/TRACE] [REI] [REIPlugin START] Reloading Section: "end-reload/DisplaySerializerRegistryImpl/"
[21:52:56] [main/TRACE] [REI] [REIPlugin START] Reloading Section: "end-reload/DisplaySerializerRegistryImpl/" done in 157.5 μs
[21:52:56] [main/TRACE] [REI] [REIPlugin START] Reloading Section: "end-reload/FluidSupportProviderImpl/"
[21:52:56] [main/TRACE] [REI] [REIPlugin START] Reloading Section: "end-reload/FluidSupportProviderImpl/" done in 142.8 μs
[21:52:56] [main/TRACE] [REI] [REIPlugin START] Reloading Section: "end-reload/" done in 3.367 ms
[21:52:56] [main/DEBUG] [REI] ========================================
[21:52:56] [main/DEBUG] [REI] REIPlugin ended main-reload for START in 44.86 ms.
[21:52:56] [main/DEBUG] [REI] ========================================
[21:52:56] [main/INFO] [REI] %%%%%%%%%%%%%%%%%%%%%%%%%%%%%%%%%%%%%%%%
[21:52:56] [main/INFO] [REI] REIServerPlugin starting main-reload for START.
[21:52:56] [main/DEBUG] [REI] Reloadables (2):
[21:52:56] [main/DEBUG] [REI]  - MenuInfoRegistryImpl
[21:52:56] [main/DEBUG] [REI]  - SlotAccessorRegistryImpl
[21:52:56] [main/INFO] [REI] Plugins (2):
[21:52:56] [main/INFO] [REI]  - (-100.00) DefaultPluginImpl of DefaultPluginImpl [roughlyenoughitems]
[21:52:56] [main/INFO] [REI]  - (0.00) DefaultRuntimePlugin of DefaultRuntimePlugin [roughlyenoughitems]
[21:52:56] [main/INFO] [REI] %%%%%%%%%%%%%%%%%%%%%%%%%%%%%%%%%%%%%%%%
[21:52:56] [main/TRACE] [REI] [REIServerPlugin START] Reloading Section: "start-reload/"
[21:52:56] [main/TRACE] [REI] [REIServerPlugin START] Reloading Section: "start-reload/MenuInfoRegistryImpl/"
[21:52:56] [main/TRACE] [REI] [REIServerPlugin START] Reloading Section: "start-reload/MenuInfoRegistryImpl/" done in 260.5 μs
[21:52:56] [main/TRACE] [REI] [REIServerPlugin START] Reloading Section: "start-reload/SlotAccessorRegistryImpl/"
[21:52:56] [main/TRACE] [REI] [REIServerPlugin START] Reloading Section: "start-reload/SlotAccessorRegistryImpl/" done in 428.9 μs
[21:52:56] [main/TRACE] [REI] [REIServerPlugin START] Reloading Section: "start-reload/" done in 2.638 ms
[21:52:56] [main/DEBUG] [REI] ========================================
[21:52:56] [main/DEBUG] [REI] REIServerPlugin started main-reload for START.
[21:52:56] [main/DEBUG] [REI] ========================================
[21:52:56] [main/TRACE] [REI] [REIServerPlugin START] Reloading Section: "reloadable-plugin/MenuInfoRegistryImpl/"
[21:52:56] [main/TRACE] [REI] [REIServerPlugin START] Reloading Section: "reloadable-plugin/MenuInfoRegistryImpl/DefaultPluginImpl of DefaultPluginImpl [roughlyenoughitems]/"
[21:52:56] [main/TRACE] [REI] [REIServerPlugin START] Reloading Section: "reloadable-plugin/MenuInfoRegistryImpl/DefaultPluginImpl of DefaultPluginImpl [roughlyenoughitems]/" done in 176.9 μs
[21:52:56] [main/TRACE] [REI] [REIServerPlugin START] Reloading Section: "reloadable-plugin/MenuInfoRegistryImpl/DefaultRuntimePlugin of DefaultRuntimePlugin [roughlyenoughitems]/"
[21:52:56] [main/TRACE] [REI] [REIServerPlugin START] Reloading Section: "reloadable-plugin/MenuInfoRegistryImpl/DefaultRuntimePlugin of DefaultRuntimePlugin [roughlyenoughitems]/" done in 187.7 μs
[21:52:56] [main/TRACE] [REI] [REIServerPlugin START] Reloading Section: "reloadable-plugin/MenuInfoRegistryImpl/" done in 1.034 ms
[21:52:56] [main/TRACE] [REI] [REIServerPlugin START] Reloading Section: "reloadable-plugin/SlotAccessorRegistryImpl/"
[21:52:56] [main/TRACE] [REI] [REIServerPlugin START] Reloading Section: "reloadable-plugin/SlotAccessorRegistryImpl/DefaultPluginImpl of DefaultPluginImpl [roughlyenoughitems]/"
[21:52:56] [main/TRACE] [REI] [REIServerPlugin START] Reloading Section: "reloadable-plugin/SlotAccessorRegistryImpl/DefaultPluginImpl of DefaultPluginImpl [roughlyenoughitems]/" done in 589.5 μs
[21:52:56] [main/TRACE] [REI] [REIServerPlugin START] Reloading Section: "reloadable-plugin/SlotAccessorRegistryImpl/DefaultRuntimePlugin of DefaultRuntimePlugin [roughlyenoughitems]/"
[21:52:56] [main/TRACE] [REI] [REIServerPlugin START] Reloading Section: "reloadable-plugin/SlotAccessorRegistryImpl/DefaultRuntimePlugin of DefaultRuntimePlugin [roughlyenoughitems]/" done in 168.9 μs
[21:52:56] [main/TRACE] [REI] [REIServerPlugin START] Reloading Section: "reloadable-plugin/SlotAccessorRegistryImpl/" done in 1.388 ms
[21:52:56] [main/DEBUG] [REI] ========================================
[21:52:56] [main/DEBUG] [REI] REIServerPlugin ending main-reload for START.
[21:52:56] [main/DEBUG] [REI] ========================================
[21:52:56] [main/TRACE] [REI] [REIServerPlugin START] Reloading Section: "end-reload/"
[21:52:56] [main/TRACE] [REI] [REIServerPlugin START] Reloading Section: "end-reload/MenuInfoRegistryImpl/"
[21:52:56] [main/TRACE] [REI] [REIServerPlugin START] Reloading Section: "end-reload/MenuInfoRegistryImpl/" done in 103.1 μs
[21:52:56] [main/TRACE] [REI] [REIServerPlugin START] Reloading Section: "end-reload/SlotAccessorRegistryImpl/"
[21:52:56] [main/TRACE] [REI] [REIServerPlugin START] Reloading Section: "end-reload/SlotAccessorRegistryImpl/" done in 30.55 μs
[21:52:56] [main/TRACE] [REI] [REIServerPlugin START] Reloading Section: "end-reload/" done in 744.0 μs
[21:52:56] [main/DEBUG] [REI] ========================================
[21:52:56] [main/DEBUG] [REI] REIServerPlugin ended main-reload for START in 17.61 ms.
[21:52:56] [main/DEBUG] [REI] ========================================
[21:52:56] [main/DEBUG] [REI] ========================================
[21:52:56] [main/DEBUG] [REI] REIPlugin starting post-reload for START.
[21:52:56] [main/DEBUG] [REI] Reloadables (7):
[21:52:56] [main/DEBUG] [REI]  - EntryTypeRegistryImpl
[21:52:56] [main/DEBUG] [REI]  - EntrySettingsAdapterRegistryImpl
[21:52:56] [main/DEBUG] [REI]  - RecipeManagerContextImpl
[21:52:56] [main/DEBUG] [REI]  - ItemComparatorRegistryImpl
[21:52:56] [main/DEBUG] [REI]  - FluidComparatorRegistryImpl
[21:52:56] [main/DEBUG] [REI]  - DisplaySerializerRegistryImpl
[21:52:56] [main/DEBUG] [REI]  - FluidSupportProviderImpl
[21:52:56] [main/DEBUG] [REI] Plugins (2):
[21:52:56] [main/DEBUG] [REI]  - (-100.00) DefaultPluginImpl of DefaultPluginImpl [roughlyenoughitems]
[21:52:56] [main/DEBUG] [REI]  - (0.00) DefaultRuntimePlugin of DefaultRuntimePlugin [roughlyenoughitems]
[21:52:56] [main/DEBUG] [REI] ========================================
[21:52:56] [main/TRACE] [REI] [REIPlugin START] Reloading Section: "post-register/"
[21:52:56] [main/TRACE] [REI] [REIPlugin START] Reloading Section: "post-register/DefaultPluginImpl of DefaultPluginImpl [roughlyenoughitems]/"
[21:52:56] [main/TRACE] [REI] [REIPlugin START] Reloading Section: "post-register/DefaultPluginImpl of DefaultPluginImpl [roughlyenoughitems]/" done in 220.0 μs
[21:52:56] [main/TRACE] [REI] [REIPlugin START] Reloading Section: "post-register/DefaultRuntimePlugin of DefaultRuntimePlugin [roughlyenoughitems]/"
[21:52:56] [main/TRACE] [REI] [REIPlugin START] Reloading Section: "post-register/DefaultRuntimePlugin of DefaultRuntimePlugin [roughlyenoughitems]/" done in 33.38 μs
[21:52:56] [main/TRACE] [REI] [REIPlugin START] Reloading Section: "post-register/" done in 671.2 μs
[21:52:56] [main/TRACE] [REI] [REIPlugin START] Reloading Section: "post-stage/"
[21:52:56] [main/TRACE] [REI] [REIPlugin START] Reloading Section: "post-stage/EntryTypeRegistryImpl/"
[21:52:56] [main/TRACE] [REI] [REIPlugin START] Reloading Section: "post-stage/EntryTypeRegistryImpl/" done in 36.60 μs
[21:52:56] [main/TRACE] [REI] [REIPlugin START] Reloading Section: "post-stage/EntrySettingsAdapterRegistryImpl/"
[21:52:56] [main/TRACE] [REI] [REIPlugin START] Reloading Section: "post-stage/EntrySettingsAdapterRegistryImpl/" done in 25.64 μs
[21:52:56] [main/TRACE] [REI] [REIPlugin START] Reloading Section: "post-stage/RecipeManagerContextImpl/"
[21:52:56] [main/TRACE] [REI] [REIPlugin START] Reloading Section: "post-stage/RecipeManagerContextImpl/" done in 24.34 μs
[21:52:56] [main/TRACE] [REI] [REIPlugin START] Reloading Section: "post-stage/ItemComparatorRegistryImpl/"
[21:52:56] [main/TRACE] [REI] [REIPlugin START] Reloading Section: "post-stage/ItemComparatorRegistryImpl/" done in 24.31 μs
[21:52:56] [main/TRACE] [REI] [REIPlugin START] Reloading Section: "post-stage/FluidComparatorRegistryImpl/"
[21:52:56] [main/TRACE] [REI] [REIPlugin START] Reloading Section: "post-stage/FluidComparatorRegistryImpl/" done in 23.90 μs
[21:52:56] [main/TRACE] [REI] [REIPlugin START] Reloading Section: "post-stage/DisplaySerializerRegistryImpl/"
[21:52:56] [main/TRACE] [REI] [REIPlugin START] Reloading Section: "post-stage/DisplaySerializerRegistryImpl/" done in 26.97 μs
[21:52:56] [main/TRACE] [REI] [REIPlugin START] Reloading Section: "post-stage/FluidSupportProviderImpl/"
[21:52:56] [main/TRACE] [REI] [REIPlugin START] Reloading Section: "post-stage/FluidSupportProviderImpl/" done in 24.35 μs
[21:52:56] [main/TRACE] [REI] [REIPlugin START] Reloading Section: "post-stage/" done in 577.1 μs
[21:52:56] [main/DEBUG] [REI] ========================================
[21:52:56] [main/INFO] [REI] REIPlugin finished post-reload for START in 1.344 ms, totaling 60.52 ms.
[21:52:56] [main/DEBUG] [REI] ========================================
[21:52:56] [main/DEBUG] [REI] ========================================
[21:52:56] [main/DEBUG] [REI] REIServerPlugin starting post-reload for START.
[21:52:56] [main/DEBUG] [REI] Reloadables (2):
[21:52:56] [main/DEBUG] [REI]  - MenuInfoRegistryImpl
[21:52:56] [main/DEBUG] [REI]  - SlotAccessorRegistryImpl
[21:52:56] [main/DEBUG] [REI] Plugins (2):
[21:52:56] [main/DEBUG] [REI]  - (-100.00) DefaultPluginImpl of DefaultPluginImpl [roughlyenoughitems]
[21:52:56] [main/DEBUG] [REI]  - (0.00) DefaultRuntimePlugin of DefaultRuntimePlugin [roughlyenoughitems]
[21:52:56] [main/DEBUG] [REI] ========================================
[21:52:56] [main/TRACE] [REI] [REIServerPlugin START] Reloading Section: "post-register/"
[21:52:56] [main/TRACE] [REI] [REIServerPlugin START] Reloading Section: "post-register/DefaultPluginImpl of DefaultPluginImpl [roughlyenoughitems]/"
[21:52:56] [main/TRACE] [REI] [REIServerPlugin START] Reloading Section: "post-register/DefaultPluginImpl of DefaultPluginImpl [roughlyenoughitems]/" done in 30.54 μs
[21:52:56] [main/TRACE] [REI] [REIServerPlugin START] Reloading Section: "post-register/DefaultRuntimePlugin of DefaultRuntimePlugin [roughlyenoughitems]/"
[21:52:56] [main/TRACE] [REI] [REIServerPlugin START] Reloading Section: "post-register/DefaultRuntimePlugin of DefaultRuntimePlugin [roughlyenoughitems]/" done in 49.08 μs
[21:52:56] [main/TRACE] [REI] [REIServerPlugin START] Reloading Section: "post-register/" done in 652.5 μs
[21:52:56] [main/TRACE] [REI] [REIServerPlugin START] Reloading Section: "post-stage/"
[21:52:56] [main/TRACE] [REI] [REIServerPlugin START] Reloading Section: "post-stage/MenuInfoRegistryImpl/"
[21:52:56] [main/TRACE] [REI] [REIServerPlugin START] Reloading Section: "post-stage/MenuInfoRegistryImpl/" done in 25.89 μs
[21:52:56] [main/TRACE] [REI] [REIServerPlugin START] Reloading Section: "post-stage/SlotAccessorRegistryImpl/"
[21:52:56] [main/TRACE] [REI] [REIServerPlugin START] Reloading Section: "post-stage/SlotAccessorRegistryImpl/" done in 23.68 μs
[21:52:56] [main/TRACE] [REI] [REIServerPlugin START] Reloading Section: "post-stage/" done in 162.4 μs
[21:52:56] [main/DEBUG] [REI] ========================================
[21:52:56] [main/INFO] [REI] REIServerPlugin finished post-reload for START in 957.0 μs, totaling 20.57 ms.
[21:52:56] [main/DEBUG] [REI] ========================================
[21:52:56] [main/DEBUG] [REI] ========================================
[21:52:56] [main/DEBUG] [REI] REIPlugin starting pre-reload for END.
[21:52:56] [main/DEBUG] [REI] Reloadables (7):
[21:52:56] [main/DEBUG] [REI]  - EntryTypeRegistryImpl
[21:52:56] [main/DEBUG] [REI]  - EntrySettingsAdapterRegistryImpl
[21:52:56] [main/DEBUG] [REI]  - RecipeManagerContextImpl
[21:52:56] [main/DEBUG] [REI]  - ItemComparatorRegistryImpl
[21:52:56] [main/DEBUG] [REI]  - FluidComparatorRegistryImpl
[21:52:56] [main/DEBUG] [REI]  - DisplaySerializerRegistryImpl
[21:52:56] [main/DEBUG] [REI]  - FluidSupportProviderImpl
[21:52:56] [main/DEBUG] [REI] Plugins (2):
[21:52:56] [main/DEBUG] [REI]  - (-100.00) DefaultPluginImpl of DefaultPluginImpl [roughlyenoughitems]
[21:52:56] [main/DEBUG] [REI]  - (0.00) DefaultRuntimePlugin of DefaultRuntimePlugin [roughlyenoughitems]
[21:52:56] [main/DEBUG] [REI] ========================================
[21:52:56] [main/TRACE] [REI] [REIPlugin END] Reloading Section: "pre-register/"
[21:52:56] [main/TRACE] [REI] [REIPlugin END] Reloading Section: "pre-register/DefaultPluginImpl of DefaultPluginImpl [roughlyenoughitems]/"
[21:52:56] [main/TRACE] [REI] [REIPlugin END] Reloading Section: "pre-register/DefaultPluginImpl of DefaultPluginImpl [roughlyenoughitems]/" done in 32.87 μs
[21:52:56] [main/TRACE] [REI] [REIPlugin END] Reloading Section: "pre-register/DefaultRuntimePlugin of DefaultRuntimePlugin [roughlyenoughitems]/"
[21:52:56] [main/TRACE] [REI] [REIPlugin END] Reloading Section: "pre-register/DefaultRuntimePlugin of DefaultRuntimePlugin [roughlyenoughitems]/" done in 26.49 μs
[21:52:56] [main/TRACE] [REI] [REIPlugin END] Reloading Section: "pre-register/" done in 197.0 μs
[21:52:56] [main/TRACE] [REI] [REIPlugin END] Reloading Section: "pre-stage/"
[21:52:56] [main/TRACE] [REI] [REIPlugin END] Reloading Section: "pre-stage/EntryTypeRegistryImpl/"
[21:52:56] [main/TRACE] [REI] [REIPlugin END] Reloading Section: "pre-stage/EntryTypeRegistryImpl/" done in 25.84 μs
[21:52:56] [main/TRACE] [REI] [REIPlugin END] Reloading Section: "pre-stage/EntrySettingsAdapterRegistryImpl/"
[21:52:56] [main/TRACE] [REI] [REIPlugin END] Reloading Section: "pre-stage/EntrySettingsAdapterRegistryImpl/" done in 26.88 μs
[21:52:56] [main/TRACE] [REI] [REIPlugin END] Reloading Section: "pre-stage/RecipeManagerContextImpl/"
[21:52:56] [main/TRACE] [REI] [REIPlugin END] Reloading Section: "pre-stage/RecipeManagerContextImpl/" done in 24.13 μs
[21:52:56] [main/TRACE] [REI] [REIPlugin END] Reloading Section: "pre-stage/ItemComparatorRegistryImpl/"
[21:52:56] [main/TRACE] [REI] [REIPlugin END] Reloading Section: "pre-stage/ItemComparatorRegistryImpl/" done in 204.0 μs
[21:52:56] [main/TRACE] [REI] [REIPlugin END] Reloading Section: "pre-stage/FluidComparatorRegistryImpl/"
[21:52:56] [main/TRACE] [REI] [REIPlugin END] Reloading Section: "pre-stage/FluidComparatorRegistryImpl/" done in 28.03 μs
[21:52:56] [main/TRACE] [REI] [REIPlugin END] Reloading Section: "pre-stage/DisplaySerializerRegistryImpl/"
[21:52:56] [main/TRACE] [REI] [REIPlugin END] Reloading Section: "pre-stage/DisplaySerializerRegistryImpl/" done in 27.06 μs
[21:52:56] [main/TRACE] [REI] [REIPlugin END] Reloading Section: "pre-stage/FluidSupportProviderImpl/"
[21:52:56] [main/TRACE] [REI] [REIPlugin END] Reloading Section: "pre-stage/FluidSupportProviderImpl/" done in 27.60 μs
[21:52:56] [main/TRACE] [REI] [REIPlugin END] Reloading Section: "pre-stage/" done in 718.5 μs
[21:52:56] [main/DEBUG] [REI] ========================================
[21:52:56] [main/DEBUG] [REI] REIPlugin finished pre-reload for END in 992.9 μs.
[21:52:56] [main/DEBUG] [REI] ========================================
[21:52:56] [main/DEBUG] [REI] ========================================
[21:52:56] [main/DEBUG] [REI] REIServerPlugin starting pre-reload for END.
[21:52:56] [main/DEBUG] [REI] Reloadables (2):
[21:52:56] [main/DEBUG] [REI]  - MenuInfoRegistryImpl
[21:52:56] [main/DEBUG] [REI]  - SlotAccessorRegistryImpl
[21:52:56] [main/DEBUG] [REI] Plugins (2):
[21:52:56] [main/DEBUG] [REI]  - (-100.00) DefaultPluginImpl of DefaultPluginImpl [roughlyenoughitems]
[21:52:56] [main/DEBUG] [REI]  - (0.00) DefaultRuntimePlugin of DefaultRuntimePlugin [roughlyenoughitems]
[21:52:56] [main/DEBUG] [REI] ========================================
[21:52:56] [main/TRACE] [REI] [REIServerPlugin END] Reloading Section: "pre-register/"
[21:52:56] [main/TRACE] [REI] [REIServerPlugin END] Reloading Section: "pre-register/DefaultPluginImpl of DefaultPluginImpl [roughlyenoughitems]/"
[21:52:56] [main/TRACE] [REI] [REIServerPlugin END] Reloading Section: "pre-register/DefaultPluginImpl of DefaultPluginImpl [roughlyenoughitems]/" done in 29.14 μs
[21:52:56] [main/TRACE] [REI] [REIServerPlugin END] Reloading Section: "pre-register/DefaultRuntimePlugin of DefaultRuntimePlugin [roughlyenoughitems]/"
[21:52:56] [main/TRACE] [REI] [REIServerPlugin END] Reloading Section: "pre-register/DefaultRuntimePlugin of DefaultRuntimePlugin [roughlyenoughitems]/" done in 25.87 μs
[21:52:56] [main/TRACE] [REI] [REIServerPlugin END] Reloading Section: "pre-register/" done in 190.1 μs
[21:52:56] [main/TRACE] [REI] [REIServerPlugin END] Reloading Section: "pre-stage/"
[21:52:56] [main/TRACE] [REI] [REIServerPlugin END] Reloading Section: "pre-stage/MenuInfoRegistryImpl/"
[21:52:56] [main/TRACE] [REI] [REIServerPlugin END] Reloading Section: "pre-stage/MenuInfoRegistryImpl/" done in 26.41 μs
[21:52:56] [main/TRACE] [REI] [REIServerPlugin END] Reloading Section: "pre-stage/SlotAccessorRegistryImpl/"
[21:52:56] [main/TRACE] [REI] [REIServerPlugin END] Reloading Section: "pre-stage/SlotAccessorRegistryImpl/" done in 25.42 μs
[21:52:56] [main/TRACE] [REI] [REIServerPlugin END] Reloading Section: "pre-stage/" done in 179.8 μs
[21:52:56] [main/DEBUG] [REI] ========================================
[21:52:56] [main/DEBUG] [REI] REIServerPlugin finished pre-reload for END in 453.6 μs.
[21:52:56] [main/DEBUG] [REI] ========================================
[21:52:56] [main/INFO] [REI] ========================================
[21:52:56] [main/INFO] [REI] REIPlugin starting main-reload for END.
[21:52:56] [main/DEBUG] [REI] Reloadables (7):
[21:52:56] [main/DEBUG] [REI]  - EntryTypeRegistryImpl
[21:52:56] [main/DEBUG] [REI]  - EntrySettingsAdapterRegistryImpl
[21:52:56] [main/DEBUG] [REI]  - RecipeManagerContextImpl
[21:52:56] [main/DEBUG] [REI]  - ItemComparatorRegistryImpl
[21:52:56] [main/DEBUG] [REI]  - FluidComparatorRegistryImpl
[21:52:56] [main/DEBUG] [REI]  - DisplaySerializerRegistryImpl
[21:52:56] [main/DEBUG] [REI]  - FluidSupportProviderImpl
[21:52:56] [main/INFO] [REI] Plugins (2):
[21:52:56] [main/INFO] [REI]  - (-100.00) DefaultPluginImpl of DefaultPluginImpl [roughlyenoughitems]
[21:52:56] [main/INFO] [REI]  - (0.00) DefaultRuntimePlugin of DefaultRuntimePlugin [roughlyenoughitems]
[21:52:56] [main/INFO] [REI] ========================================
[21:52:56] [main/TRACE] [REI] [REIPlugin END] Reloading Section: "start-reload/"
[21:52:56] [main/TRACE] [REI] [REIPlugin END] Reloading Section: "start-reload/EntryTypeRegistryImpl/"
[21:52:56] [main/TRACE] [REI] [REIPlugin END] Reloading Section: "start-reload/EntryTypeRegistryImpl/" done in 33.30 μs
[21:52:56] [main/TRACE] [REI] [REIPlugin END] Reloading Section: "start-reload/EntrySettingsAdapterRegistryImpl/"
[21:52:56] [main/TRACE] [REI] [REIPlugin END] Reloading Section: "start-reload/EntrySettingsAdapterRegistryImpl/" done in 45.57 μs
[21:52:56] [main/TRACE] [REI] [REIPlugin END] Reloading Section: "start-reload/RecipeManagerContextImpl/"
[21:52:56] [main/TRACE] [REI] [REIPlugin END] Reloading Section: "start-reload/RecipeManagerContextImpl/" done in 29.55 μs
[21:52:56] [main/TRACE] [REI] [REIPlugin END] Reloading Section: "start-reload/ItemComparatorRegistryImpl/"
[21:52:56] [main/TRACE] [REI] [REIPlugin END] Reloading Section: "start-reload/ItemComparatorRegistryImpl/" done in 27.39 μs
[21:52:56] [main/TRACE] [REI] [REIPlugin END] Reloading Section: "start-reload/FluidComparatorRegistryImpl/"
[21:52:56] [main/TRACE] [REI] [REIPlugin END] Reloading Section: "start-reload/FluidComparatorRegistryImpl/" done in 24.08 μs
[21:52:56] [main/TRACE] [REI] [REIPlugin END] Reloading Section: "start-reload/DisplaySerializerRegistryImpl/"
[21:52:56] [main/TRACE] [REI] [REIPlugin END] Reloading Section: "start-reload/DisplaySerializerRegistryImpl/" done in 30.92 μs
[21:52:56] [main/TRACE] [REI] [REIPlugin END] Reloading Section: "start-reload/FluidSupportProviderImpl/"
[21:52:56] [main/TRACE] [REI] [REIPlugin END] Reloading Section: "start-reload/FluidSupportProviderImpl/" done in 24.71 μs
[21:52:56] [main/TRACE] [REI] [REIPlugin END] Reloading Section: "start-reload/" done in 678.2 μs
[21:52:56] [main/DEBUG] [REI] ========================================
[21:52:56] [main/DEBUG] [REI] REIPlugin started main-reload for END.
[21:52:56] [main/DEBUG] [REI] ========================================
[21:52:56] [main/TRACE] [REI] [REIPlugin END] Reloading Section: "reloadable-plugin/EntryTypeRegistryImpl/"
[21:52:56] [main/TRACE] [REI] [REIPlugin END] Reloading Section: "reloadable-plugin/EntryTypeRegistryImpl/DefaultPluginImpl of DefaultPluginImpl [roughlyenoughitems]/"
[21:52:56] [main/TRACE] [REI] [REIPlugin END] Reloading Section: "reloadable-plugin/EntryTypeRegistryImpl/DefaultPluginImpl of DefaultPluginImpl [roughlyenoughitems]/" done in 35.96 μs
[21:52:56] [main/TRACE] [REI] [REIPlugin END] Reloading Section: "reloadable-plugin/EntryTypeRegistryImpl/DefaultRuntimePlugin of DefaultRuntimePlugin [roughlyenoughitems]/"
[21:52:56] [main/TRACE] [REI] [REIPlugin END] Reloading Section: "reloadable-plugin/EntryTypeRegistryImpl/DefaultRuntimePlugin of DefaultRuntimePlugin [roughlyenoughitems]/" done in 32.24 μs
[21:52:56] [main/TRACE] [REI] [REIPlugin END] Reloading Section: "reloadable-plugin/EntryTypeRegistryImpl/" done in 227.7 μs
[21:52:56] [main/TRACE] [REI] [REIPlugin END] Reloading Section: "reloadable-plugin/EntrySettingsAdapterRegistryImpl/"
[21:52:56] [main/TRACE] [REI] [REIPlugin END] Reloading Section: "reloadable-plugin/EntrySettingsAdapterRegistryImpl/DefaultPluginImpl of DefaultPluginImpl [roughlyenoughitems]/"
[21:52:56] [main/TRACE] [REI] [REIPlugin END] Reloading Section: "reloadable-plugin/EntrySettingsAdapterRegistryImpl/DefaultPluginImpl of DefaultPluginImpl [roughlyenoughitems]/" done in 37.94 μs
[21:52:56] [main/TRACE] [REI] [REIPlugin END] Reloading Section: "reloadable-plugin/EntrySettingsAdapterRegistryImpl/DefaultRuntimePlugin of DefaultRuntimePlugin [roughlyenoughitems]/"
[21:52:56] [main/TRACE] [REI] [REIPlugin END] Reloading Section: "reloadable-plugin/EntrySettingsAdapterRegistryImpl/DefaultRuntimePlugin of DefaultRuntimePlugin [roughlyenoughitems]/" done in 31.64 μs
[21:52:56] [main/TRACE] [REI] [REIPlugin END] Reloading Section: "reloadable-plugin/EntrySettingsAdapterRegistryImpl/" done in 3.932 ms
[21:52:56] [main/TRACE] [REI] [REIPlugin END] Reloading Section: "reloadable-plugin/RecipeManagerContextImpl/"
[21:52:56] [main/TRACE] [REI] [REIPlugin END] Reloading Section: "reloadable-plugin/RecipeManagerContextImpl/DefaultPluginImpl of DefaultPluginImpl [roughlyenoughitems]/"
[21:52:56] [main/TRACE] [REI] [REIPlugin END] Reloading Section: "reloadable-plugin/RecipeManagerContextImpl/DefaultPluginImpl of DefaultPluginImpl [roughlyenoughitems]/" done in 115.5 μs
[21:52:56] [main/TRACE] [REI] [REIPlugin END] Reloading Section: "reloadable-plugin/RecipeManagerContextImpl/DefaultRuntimePlugin of DefaultRuntimePlugin [roughlyenoughitems]/"
[21:52:56] [main/TRACE] [REI] [REIPlugin END] Reloading Section: "reloadable-plugin/RecipeManagerContextImpl/DefaultRuntimePlugin of DefaultRuntimePlugin [roughlyenoughitems]/" done in 107.6 μs
[21:52:56] [main/TRACE] [REI] [REIPlugin END] Reloading Section: "reloadable-plugin/RecipeManagerContextImpl/" done in 635.0 μs
[21:52:56] [main/TRACE] [REI] [REIPlugin END] Reloading Section: "reloadable-plugin/ItemComparatorRegistryImpl/"
[21:52:56] [main/TRACE] [REI] [REIPlugin END] Reloading Section: "reloadable-plugin/ItemComparatorRegistryImpl/DefaultPluginImpl of DefaultPluginImpl [roughlyenoughitems]/"
[21:52:56] [main/TRACE] [REI] [REIPlugin END] Reloading Section: "reloadable-plugin/ItemComparatorRegistryImpl/DefaultPluginImpl of DefaultPluginImpl [roughlyenoughitems]/" done in 93.03 μs
[21:52:56] [main/TRACE] [REI] [REIPlugin END] Reloading Section: "reloadable-plugin/ItemComparatorRegistryImpl/DefaultRuntimePlugin of DefaultRuntimePlugin [roughlyenoughitems]/"
[21:52:56] [main/TRACE] [REI] [REIPlugin END] Reloading Section: "reloadable-plugin/ItemComparatorRegistryImpl/DefaultRuntimePlugin of DefaultRuntimePlugin [roughlyenoughitems]/" done in 91.34 μs
[21:52:56] [main/TRACE] [REI] [REIPlugin END] Reloading Section: "reloadable-plugin/ItemComparatorRegistryImpl/" done in 537.7 μs
[21:52:56] [main/TRACE] [REI] [REIPlugin END] Reloading Section: "reloadable-plugin/FluidComparatorRegistryImpl/"
[21:52:56] [main/TRACE] [REI] [REIPlugin END] Reloading Section: "reloadable-plugin/FluidComparatorRegistryImpl/DefaultPluginImpl of DefaultPluginImpl [roughlyenoughitems]/"
[21:52:56] [main/TRACE] [REI] [REIPlugin END] Reloading Section: "reloadable-plugin/FluidComparatorRegistryImpl/DefaultPluginImpl of DefaultPluginImpl [roughlyenoughitems]/" done in 88.58 μs
[21:52:56] [main/TRACE] [REI] [REIPlugin END] Reloading Section: "reloadable-plugin/FluidComparatorRegistryImpl/DefaultRuntimePlugin of DefaultRuntimePlugin [roughlyenoughitems]/"
[21:52:56] [main/TRACE] [REI] [REIPlugin END] Reloading Section: "reloadable-plugin/FluidComparatorRegistryImpl/DefaultRuntimePlugin of DefaultRuntimePlugin [roughlyenoughitems]/" done in 88.04 μs
[21:52:56] [main/TRACE] [REI] [REIPlugin END] Reloading Section: "reloadable-plugin/FluidComparatorRegistryImpl/" done in 473.0 μs
[21:52:56] [main/TRACE] [REI] [REIPlugin END] Reloading Section: "reloadable-plugin/DisplaySerializerRegistryImpl/"
[21:52:56] [main/TRACE] [REI] [REIPlugin END] Reloading Section: "reloadable-plugin/DisplaySerializerRegistryImpl/DefaultPluginImpl of DefaultPluginImpl [roughlyenoughitems]/"
[21:52:56] [main/TRACE] [REI] [REIPlugin END] Reloading Section: "reloadable-plugin/DisplaySerializerRegistryImpl/DefaultPluginImpl of DefaultPluginImpl [roughlyenoughitems]/" done in 24.83 ms
[21:52:56] [main/TRACE] [REI] [REIPlugin END] Reloading Section: "reloadable-plugin/DisplaySerializerRegistryImpl/DefaultRuntimePlugin of DefaultRuntimePlugin [roughlyenoughitems]/"
[21:52:56] [main/TRACE] [REI] [REIPlugin END] Reloading Section: "reloadable-plugin/DisplaySerializerRegistryImpl/DefaultRuntimePlugin of DefaultRuntimePlugin [roughlyenoughitems]/" done in 126.1 μs
[21:52:56] [main/TRACE] [REI] [REIPlugin END] Reloading Section: "reloadable-plugin/DisplaySerializerRegistryImpl/" done in 25.50 ms
[21:52:56] [main/TRACE] [REI] [REIPlugin END] Reloading Section: "reloadable-plugin/FluidSupportProviderImpl/"
[21:52:56] [main/TRACE] [REI] [REIPlugin END] Reloading Section: "reloadable-plugin/FluidSupportProviderImpl/DefaultPluginImpl of DefaultPluginImpl [roughlyenoughitems]/"
[21:52:56] [main/TRACE] [REI] [REIPlugin END] Reloading Section: "reloadable-plugin/FluidSupportProviderImpl/DefaultPluginImpl of DefaultPluginImpl [roughlyenoughitems]/" done in 97.98 μs
[21:52:56] [main/TRACE] [REI] [REIPlugin END] Reloading Section: "reloadable-plugin/FluidSupportProviderImpl/DefaultRuntimePlugin of DefaultRuntimePlugin [roughlyenoughitems]/"
[21:52:56] [main/TRACE] [REI] [REIPlugin END] Reloading Section: "reloadable-plugin/FluidSupportProviderImpl/DefaultRuntimePlugin of DefaultRuntimePlugin [roughlyenoughitems]/" done in 110.9 μs
[21:52:56] [main/TRACE] [REI] [REIPlugin END] Reloading Section: "reloadable-plugin/FluidSupportProviderImpl/" done in 583.7 μs
[21:52:56] [main/DEBUG] [REI] ========================================
[21:52:56] [main/DEBUG] [REI] REIPlugin ending main-reload for END.
[21:52:56] [main/DEBUG] [REI] ========================================
[21:52:56] [main/TRACE] [REI] [REIPlugin END] Reloading Section: "end-reload/"
[21:52:56] [main/TRACE] [REI] [REIPlugin END] Reloading Section: "end-reload/EntryTypeRegistryImpl/"
[21:52:56] [main/TRACE] [REI] [REIPlugin END] Reloading Section: "end-reload/EntryTypeRegistryImpl/" done in 94.41 μs
[21:52:56] [main/TRACE] [REI] [REIPlugin END] Reloading Section: "end-reload/EntrySettingsAdapterRegistryImpl/"
[21:52:56] [main/TRACE] [REI] [REIPlugin END] Reloading Section: "end-reload/EntrySettingsAdapterRegistryImpl/" done in 84.94 μs
[21:52:56] [main/TRACE] [REI] [REIPlugin END] Reloading Section: "end-reload/RecipeManagerContextImpl/"
[21:52:56] [main/TRACE] [REI] [REIPlugin END] Reloading Section: "end-reload/RecipeManagerContextImpl/" done in 82.71 μs
[21:52:56] [main/TRACE] [REI] [REIPlugin END] Reloading Section: "end-reload/ItemComparatorRegistryImpl/"
[21:52:56] [main/TRACE] [REI] [REIPlugin END] Reloading Section: "end-reload/ItemComparatorRegistryImpl/" done in 85.03 μs
[21:52:56] [main/TRACE] [REI] [REIPlugin END] Reloading Section: "end-reload/FluidComparatorRegistryImpl/"
[21:52:56] [main/TRACE] [REI] [REIPlugin END] Reloading Section: "end-reload/FluidComparatorRegistryImpl/" done in 82.36 μs
[21:52:56] [main/TRACE] [REI] [REIPlugin END] Reloading Section: "end-reload/DisplaySerializerRegistryImpl/"
[21:52:56] [main/TRACE] [REI] [REIPlugin END] Reloading Section: "end-reload/DisplaySerializerRegistryImpl/" done in 87.26 μs
[21:52:56] [main/TRACE] [REI] [REIPlugin END] Reloading Section: "end-reload/FluidSupportProviderImpl/"
[21:52:56] [main/TRACE] [REI] [REIPlugin END] Reloading Section: "end-reload/FluidSupportProviderImpl/" done in 83.72 μs
[21:52:56] [main/TRACE] [REI] [REIPlugin END] Reloading Section: "end-reload/" done in 1.552 ms
[21:52:56] [main/DEBUG] [REI] ========================================
[21:52:56] [main/DEBUG] [REI] REIPlugin ended main-reload for END in 37.13 ms.
[21:52:56] [main/DEBUG] [REI] ========================================
[21:52:56] [main/INFO] [REI] ++++++++++++++++++++++++++++++++++++++++
[21:52:56] [main/INFO] [REI] REIServerPlugin starting main-reload for END.
[21:52:56] [main/DEBUG] [REI] Reloadables (2):
[21:52:56] [main/DEBUG] [REI]  - MenuInfoRegistryImpl
[21:52:56] [main/DEBUG] [REI]  - SlotAccessorRegistryImpl
[21:52:56] [main/INFO] [REI] Plugins (2):
[21:52:56] [main/INFO] [REI]  - (-100.00) DefaultPluginImpl of DefaultPluginImpl [roughlyenoughitems]
[21:52:56] [main/INFO] [REI]  - (0.00) DefaultRuntimePlugin of DefaultRuntimePlugin [roughlyenoughitems]
[21:52:56] [main/INFO] [REI] ++++++++++++++++++++++++++++++++++++++++
[21:52:56] [main/TRACE] [REI] [REIServerPlugin END] Reloading Section: "start-reload/"
[21:52:56] [main/TRACE] [REI] [REIServerPlugin END] Reloading Section: "start-reload/MenuInfoRegistryImpl/"
[21:52:56] [main/TRACE] [REI] [REIServerPlugin END] Reloading Section: "start-reload/MenuInfoRegistryImpl/" done in 97.52 μs
[21:52:56] [main/TRACE] [REI] [REIServerPlugin END] Reloading Section: "start-reload/SlotAccessorRegistryImpl/"
[21:52:56] [main/TRACE] [REI] [REIServerPlugin END] Reloading Section: "start-reload/SlotAccessorRegistryImpl/" done in 93.72 μs
[21:52:56] [main/TRACE] [REI] [REIServerPlugin END] Reloading Section: "start-reload/" done in 547.4 μs
[21:52:56] [main/DEBUG] [REI] ========================================
[21:52:56] [main/DEBUG] [REI] REIServerPlugin started main-reload for END.
[21:52:56] [main/DEBUG] [REI] ========================================
[21:52:56] [main/TRACE] [REI] [REIServerPlugin END] Reloading Section: "reloadable-plugin/MenuInfoRegistryImpl/"
[21:52:56] [main/TRACE] [REI] [REIServerPlugin END] Reloading Section: "reloadable-plugin/MenuInfoRegistryImpl/DefaultPluginImpl of DefaultPluginImpl [roughlyenoughitems]/"
[21:52:56] [main/TRACE] [REI] [REIServerPlugin END] Reloading Section: "reloadable-plugin/MenuInfoRegistryImpl/DefaultPluginImpl of DefaultPluginImpl [roughlyenoughitems]/" done in 88.99 μs
[21:52:56] [main/TRACE] [REI] [REIServerPlugin END] Reloading Section: "reloadable-plugin/MenuInfoRegistryImpl/DefaultRuntimePlugin of DefaultRuntimePlugin [roughlyenoughitems]/"
[21:52:56] [main/TRACE] [REI] [REIServerPlugin END] Reloading Section: "reloadable-plugin/MenuInfoRegistryImpl/DefaultRuntimePlugin of DefaultRuntimePlugin [roughlyenoughitems]/" done in 459.5 μs
[21:52:56] [main/TRACE] [REI] [REIServerPlugin END] Reloading Section: "reloadable-plugin/MenuInfoRegistryImpl/" done in 922.2 μs
[21:52:56] [main/TRACE] [REI] [REIServerPlugin END] Reloading Section: "reloadable-plugin/SlotAccessorRegistryImpl/"
[21:52:56] [main/TRACE] [REI] [REIServerPlugin END] Reloading Section: "reloadable-plugin/SlotAccessorRegistryImpl/DefaultPluginImpl of DefaultPluginImpl [roughlyenoughitems]/"
[21:52:56] [main/TRACE] [REI] [REIServerPlugin END] Reloading Section: "reloadable-plugin/SlotAccessorRegistryImpl/DefaultPluginImpl of DefaultPluginImpl [roughlyenoughitems]/" done in 105.2 μs
[21:52:56] [main/TRACE] [REI] [REIServerPlugin END] Reloading Section: "reloadable-plugin/SlotAccessorRegistryImpl/DefaultRuntimePlugin of DefaultRuntimePlugin [roughlyenoughitems]/"
[21:52:56] [main/DEBUG] [REI] Added slot accessor serializer: me.shedaniel.rei.plugin.common.runtime.DefaultRuntimePlugin$1@73de150c [roughlyenoughitems:vanilla]
[21:52:56] [main/DEBUG] [REI] Added slot accessor serializer: me.shedaniel.rei.plugin.common.runtime.DefaultRuntimePlugin$2@7611f4b0 [roughlyenoughitems:player]
[21:52:56] [main/TRACE] [REI] [REIServerPlugin END] Reloading Section: "reloadable-plugin/SlotAccessorRegistryImpl/DefaultRuntimePlugin of DefaultRuntimePlugin [roughlyenoughitems]/" done in 2.548 ms
[21:52:56] [main/TRACE] [REI] [REIServerPlugin END] Reloading Section: "reloadable-plugin/SlotAccessorRegistryImpl/" done in 3.038 ms
[21:52:56] [main/DEBUG] [REI] ========================================
[21:52:56] [main/DEBUG] [REI] REIServerPlugin ending main-reload for END.
[21:52:56] [main/DEBUG] [REI] ========================================
[21:52:56] [main/TRACE] [REI] [REIServerPlugin END] Reloading Section: "end-reload/"
[21:52:56] [main/TRACE] [REI] [REIServerPlugin END] Reloading Section: "end-reload/MenuInfoRegistryImpl/"
[21:52:56] [main/DEBUG] [REI] Registered 0 menu infos
[21:52:56] [main/TRACE] [REI] [REIServerPlugin END] Reloading Section: "end-reload/MenuInfoRegistryImpl/" done in 294.4 μs
[21:52:56] [main/TRACE] [REI] [REIServerPlugin END] Reloading Section: "end-reload/SlotAccessorRegistryImpl/"
[21:52:56] [main/DEBUG] [REI] Registered 2 slot accessor serializers
[21:52:56] [main/TRACE] [REI] [REIServerPlugin END] Reloading Section: "end-reload/SlotAccessorRegistryImpl/" done in 257.0 μs
[21:52:56] [main/TRACE] [REI] [REIServerPlugin END] Reloading Section: "end-reload/" done in 915.6 μs
[21:52:56] [main/DEBUG] [REI] ========================================
[21:52:56] [main/DEBUG] [REI] REIServerPlugin ended main-reload for END in 9.603 ms.
[21:52:56] [main/DEBUG] [REI] ========================================
[21:52:56] [main/DEBUG] [REI] ========================================
[21:52:56] [main/DEBUG] [REI] REIPlugin starting post-reload for END.
[21:52:56] [main/DEBUG] [REI] Reloadables (7):
[21:52:56] [main/DEBUG] [REI]  - EntryTypeRegistryImpl
[21:52:56] [main/DEBUG] [REI]  - EntrySettingsAdapterRegistryImpl
[21:52:56] [main/DEBUG] [REI]  - RecipeManagerContextImpl
[21:52:56] [main/DEBUG] [REI]  - ItemComparatorRegistryImpl
[21:52:56] [main/DEBUG] [REI]  - FluidComparatorRegistryImpl
[21:52:56] [main/DEBUG] [REI]  - DisplaySerializerRegistryImpl
[21:52:56] [main/DEBUG] [REI]  - FluidSupportProviderImpl
[21:52:56] [main/DEBUG] [REI] Plugins (2):
[21:52:56] [main/DEBUG] [REI]  - (-100.00) DefaultPluginImpl of DefaultPluginImpl [roughlyenoughitems]
[21:52:56] [main/DEBUG] [REI]  - (0.00) DefaultRuntimePlugin of DefaultRuntimePlugin [roughlyenoughitems]
[21:52:56] [main/DEBUG] [REI] ========================================
[21:52:56] [main/TRACE] [REI] [REIPlugin END] Reloading Section: "post-register/"
[21:52:56] [main/TRACE] [REI] [REIPlugin END] Reloading Section: "post-register/DefaultPluginImpl of DefaultPluginImpl [roughlyenoughitems]/"
[21:52:56] [main/TRACE] [REI] [REIPlugin END] Reloading Section: "post-register/DefaultPluginImpl of DefaultPluginImpl [roughlyenoughitems]/" done in 87.86 μs
[21:52:56] [main/TRACE] [REI] [REIPlugin END] Reloading Section: "post-register/DefaultRuntimePlugin of DefaultRuntimePlugin [roughlyenoughitems]/"
[21:52:56] [main/TRACE] [REI] [REIPlugin END] Reloading Section: "post-register/DefaultRuntimePlugin of DefaultRuntimePlugin [roughlyenoughitems]/" done in 97.96 μs
[21:52:56] [main/TRACE] [REI] [REIPlugin END] Reloading Section: "post-register/" done in 624.0 μs
[21:52:56] [main/TRACE] [REI] [REIPlugin END] Reloading Section: "post-stage/"
[21:52:56] [main/TRACE] [REI] [REIPlugin END] Reloading Section: "post-stage/EntryTypeRegistryImpl/"
[21:52:56] [main/TRACE] [REI] [REIPlugin END] Reloading Section: "post-stage/EntryTypeRegistryImpl/" done in 89.40 μs
[21:52:56] [main/TRACE] [REI] [REIPlugin END] Reloading Section: "post-stage/EntrySettingsAdapterRegistryImpl/"
[21:52:56] [main/TRACE] [REI] [REIPlugin END] Reloading Section: "post-stage/EntrySettingsAdapterRegistryImpl/" done in 92.25 μs
[21:52:56] [main/TRACE] [REI] [REIPlugin END] Reloading Section: "post-stage/RecipeManagerContextImpl/"
[21:52:56] [main/TRACE] [REI] [REIPlugin END] Reloading Section: "post-stage/RecipeManagerContextImpl/" done in 108.9 μs
[21:52:56] [main/TRACE] [REI] [REIPlugin END] Reloading Section: "post-stage/ItemComparatorRegistryImpl/"
[21:52:56] [main/TRACE] [REI] [REIPlugin END] Reloading Section: "post-stage/ItemComparatorRegistryImpl/" done in 94.36 μs
[21:52:56] [main/TRACE] [REI] [REIPlugin END] Reloading Section: "post-stage/FluidComparatorRegistryImpl/"
[21:52:56] [main/TRACE] [REI] [REIPlugin END] Reloading Section: "post-stage/FluidComparatorRegistryImpl/" done in 109.3 μs
[21:52:56] [main/TRACE] [REI] [REIPlugin END] Reloading Section: "post-stage/DisplaySerializerRegistryImpl/"
[21:52:56] [main/TRACE] [REI] [REIPlugin END] Reloading Section: "post-stage/DisplaySerializerRegistryImpl/" done in 74.96 μs
[21:52:56] [main/TRACE] [REI] [REIPlugin END] Reloading Section: "post-stage/FluidSupportProviderImpl/"
[21:52:56] [main/TRACE] [REI] [REIPlugin END] Reloading Section: "post-stage/FluidSupportProviderImpl/" done in 71.24 μs
[21:52:56] [main/TRACE] [REI] [REIPlugin END] Reloading Section: "post-stage/" done in 1.683 ms
[21:52:56] [main/DEBUG] [REI] ========================================
[21:52:56] [main/INFO] [REI] REIPlugin finished post-reload for END in 2.537 ms, totaling 40.50 ms.
[21:52:56] [main/DEBUG] [REI] ========================================
[21:52:56] [main/DEBUG] [REI] ========================================
[21:52:56] [main/DEBUG] [REI] REIServerPlugin starting post-reload for END.
[21:52:56] [main/DEBUG] [REI] Reloadables (2):
[21:52:56] [main/DEBUG] [REI]  - MenuInfoRegistryImpl
[21:52:56] [main/DEBUG] [REI]  - SlotAccessorRegistryImpl
[21:52:56] [main/DEBUG] [REI] Plugins (2):
[21:52:56] [main/DEBUG] [REI]  - (-100.00) DefaultPluginImpl of DefaultPluginImpl [roughlyenoughitems]
[21:52:56] [main/DEBUG] [REI]  - (0.00) DefaultRuntimePlugin of DefaultRuntimePlugin [roughlyenoughitems]
[21:52:56] [main/DEBUG] [REI] ========================================
[21:52:56] [main/TRACE] [REI] [REIServerPlugin END] Reloading Section: "post-register/"
[21:52:56] [main/TRACE] [REI] [REIServerPlugin END] Reloading Section: "post-register/DefaultPluginImpl of DefaultPluginImpl [roughlyenoughitems]/"
[21:52:56] [main/TRACE] [REI] [REIServerPlugin END] Reloading Section: "post-register/DefaultPluginImpl of DefaultPluginImpl [roughlyenoughitems]/" done in 94.19 μs
[21:52:56] [main/TRACE] [REI] [REIServerPlugin END] Reloading Section: "post-register/DefaultRuntimePlugin of DefaultRuntimePlugin [roughlyenoughitems]/"
[21:52:56] [main/TRACE] [REI] [REIServerPlugin END] Reloading Section: "post-register/DefaultRuntimePlugin of DefaultRuntimePlugin [roughlyenoughitems]/" done in 91.97 μs
[21:52:56] [main/TRACE] [REI] [REIServerPlugin END] Reloading Section: "post-register/" done in 527.1 μs
[21:52:56] [main/TRACE] [REI] [REIServerPlugin END] Reloading Section: "post-stage/"
[21:52:56] [main/TRACE] [REI] [REIServerPlugin END] Reloading Section: "post-stage/MenuInfoRegistryImpl/"
[21:52:56] [main/TRACE] [REI] [REIServerPlugin END] Reloading Section: "post-stage/MenuInfoRegistryImpl/" done in 78.45 μs
[21:52:56] [main/TRACE] [REI] [REIServerPlugin END] Reloading Section: "post-stage/SlotAccessorRegistryImpl/"
[21:52:56] [main/TRACE] [REI] [REIServerPlugin END] Reloading Section: "post-stage/SlotAccessorRegistryImpl/" done in 79.63 μs
[21:52:56] [main/TRACE] [REI] [REIServerPlugin END] Reloading Section: "post-stage/" done in 484.4 μs
[21:52:56] [main/DEBUG] [REI] ========================================
[21:52:56] [main/INFO] [REI] REIServerPlugin finished post-reload for END in 1.213 ms, totaling 11.11 ms.
[21:52:56] [main/DEBUG] [REI] ========================================
